<?xml version="1.0" encoding="UTF-8"?>
<testng-results skipped="0" failed="0" ignored="0" total="0" passed="0">
  <reporter-output>
  </reporter-output>
  <suite name="HdfsTest" duration-ms="7" started-at="2020-10-07T16:08:04 CST" finished-at="2020-10-07T16:08:04 CST">
    <groups>
    </groups>
    <test name="Command line test" duration-ms="7" started-at="2020-10-07T16:08:04 CST" finished-at="2020-10-07T16:08:04 CST">
    </test> <!-- Command line test -->
  </suite> <!-- HdfsTest -->
</testng-results>
